P960_Tropicos ID.txt
P932_PMCID.txt
P846_Global Biodiversity Information Facility ID.txt
P830_Encyclopedia of Life ID.txt
P815_ITIS TSN.txt
P777_Swedish civil parish code/ATA code.txt
P698_PubMed ID.txt
P6512_UN/CEFACT common code.txt
P646_Freebase ID.txt
P6436_Code of Natura 2000/FFH habitat.txt
P6375_located at street address.txt
P590_GNIS ID.txt
P5875_ResearchGate publication ID.txt
P5803_VOR/DME identifier for airport beacons.txt
P5055_IRMNG ID.txt
P4953_Library of Congress Genre/Form Terms ID.txt
P4919_Plus/4 World identifier.txt
P4003_Facebook ID name/number.txt
P3743_ITU/ISO/IEC object identifier.txt
P356_DOI.txt timeout
P3537_FootballDatabase.eu player ID.txt
P3536_euroleague.net ID.txt
P3534_Australian Government Organisations Register ID.txt
P3533_draftexpress.com ID.txt
P3532_databaseFootball.com ID.txt
P3531_AZBilliards ID.txt
P353_HGNC gene symbol.txt
P3528_Luding game ID.txt
P3527_Eurobasket.com ID.txt
P351_Entrez Gene ID.txt
P3419_Basic Unit of Settlement code (Czech/Slovak).txt
P2888_exact match.txt
P2887_reserve number (Canada).txt
P2886_Shakeosphere person ID.txt
P2877_SureChEMBL ID.txt
P2870_miRBase pre-miRNA ID.txt
P2867_Molenecho's ID.txt
P2864_OpenCritic ID.txt
P2862_Catalogus Professorum Academiae Rheno-Traiectinae ID.txt
P281_postal code.txt
P2627_ISO 9362 SWIFT/BIC code.txt
P2510_National Discography of Italian Song artist/group ID.txt
P2476_HNI person/institution ID.txt
P2342_AGORHA person/institution ID.txt
P2326_GNS Unique Feature ID.txt
P1937_UN/LOCODE.txt
P1901_BALaT person/organisation id.txt
P1874_Netflix ID.txt
P1870_Name Assigning Authority Number.txt
P1866_Catholic Hierarchy diocese ID.txt
P1850_SSR place name number.txt
P1848_protected areas INPN Code.txt
P1795_Smithsonian American Art Museum person/institution ID.txt
P1715_RKD/ESD (Slovenia) ID.txt
P1685_Pokédex / Pokémon browser number.txt
P1645_NIST/CODATA ID.txt
P1567_NIS/INS code.txt
P1566_GeoNames ID.txt
P1435_heritage designation.txt
P1250_Danish Bibliometric Research Indicator (BFI) SNO/CNO.txt
P214_VIAF ID.txt
